<?xml version="1.0" encoding="UTF-8"?>
<testsuite name="cicd.AppTest" tests="2" skipped="0" failures="0" errors="0" timestamp="2026-01-31T22:04:50.399Z" hostname="jianchibuxiedegege2daideMacBook-Pro.local" time="0.068">
  <properties/>
  <testcase name="testVersionOption()" classname="cicd.AppTest" time="0.054"/>
  <testcase name="testHelpOption()" classname="cicd.AppTest" time="0.007"/>
  <system-out><![CDATA[0.1.0
Usage: cicd [-hV] [COMMAND]
CI/CD pipeline management tool
  -h, --help      Show this help message and exit.
  -V, --version   Print version information and exit.
Commands:
  verify  Validate a pipeline YAML configuration file
]]></system-out>
  <system-err><![CDATA[]]></system-err>
</testsuite>
